0 info it worked if it ends with ok
1 verbose cli [ '/usr/local/bin/node',
1 verbose cli   '/usr/local/lib/node_modules/cnpm/node_modules/.bin/npm',
1 verbose cli   '--userconfig=/Users/vincent/.cnpmrc',
1 verbose cli   '--disturl=https://npm.taobao.org/mirrors/node',
1 verbose cli   '--registry=https://registry.npm.taobao.org',
1 verbose cli   'start' ]
2 info using npm@3.10.7
3 info using node@v5.7.0
4 verbose run-script [ 'prestart', 'start', 'poststart' ]
5 info lifecycle node-js-sample@0.2.0~prestart: node-js-sample@0.2.0
6 silly lifecycle node-js-sample@0.2.0~prestart: no script for prestart, continuing
7 info lifecycle node-js-sample@0.2.0~start: node-js-sample@0.2.0
8 verbose lifecycle node-js-sample@0.2.0~start: unsafe-perm in lifecycle true
9 verbose lifecycle node-js-sample@0.2.0~start: PATH: /usr/local/lib/node_modules/cnpm/node_modules/npm/bin/node-gyp-bin:/Users/vincent/Desktop/JTopo/jtopo-master/jtopo-test/node-js-sample-master/node_modules/.bin:/usr/local/bin:/usr/bin:/bin:/usr/sbin:/sbin
10 verbose lifecycle node-js-sample@0.2.0~start: CWD: /Users/vincent/Desktop/JTopo/jtopo-master/jtopo-test/node-js-sample-master
11 silly lifecycle node-js-sample@0.2.0~start: Args: [ '-c', 'node index.js' ]
12 silly lifecycle node-js-sample@0.2.0~start: Returned: code: 1  signal: null
13 info lifecycle node-js-sample@0.2.0~start: Failed to exec start script
14 verbose stack Error: node-js-sample@0.2.0 start: `node index.js`
14 verbose stack Exit status 1
14 verbose stack     at EventEmitter.<anonymous> (/usr/local/lib/node_modules/cnpm/node_modules/npm/lib/utils/lifecycle.js:255:16)
14 verbose stack     at emitTwo (events.js:100:13)
14 verbose stack     at EventEmitter.emit (events.js:185:7)
14 verbose stack     at ChildProcess.<anonymous> (/usr/local/lib/node_modules/cnpm/node_modules/npm/lib/utils/spawn.js:40:14)
14 verbose stack     at emitTwo (events.js:100:13)
14 verbose stack     at ChildProcess.emit (events.js:185:7)
14 verbose stack     at maybeClose (internal/child_process.js:827:16)
14 verbose stack     at Process.ChildProcess._handle.onexit (internal/child_process.js:211:5)
15 verbose pkgid node-js-sample@0.2.0
16 verbose cwd /Users/vincent/Desktop/JTopo/jtopo-master/jtopo-test/node-js-sample-master
17 error Darwin 16.1.0
18 error argv "/usr/local/bin/node" "/usr/local/lib/node_modules/cnpm/node_modules/.bin/npm" "--userconfig=/Users/vincent/.cnpmrc" "--disturl=https://npm.taobao.org/mirrors/node" "--registry=https://registry.npm.taobao.org" "start"
19 error node v5.7.0
20 error npm  v3.10.7
21 error code ELIFECYCLE
22 error node-js-sample@0.2.0 start: `node index.js`
22 error Exit status 1
23 error Failed at the node-js-sample@0.2.0 start script 'node index.js'.
23 error Make sure you have the latest version of node.js and npm installed.
23 error If you do, this is most likely a problem with the node-js-sample package,
23 error not with npm itself.
23 error Tell the author that this fails on your system:
23 error     node index.js
23 error You can get information on how to open an issue for this project with:
23 error     npm bugs node-js-sample
23 error Or if that isn't available, you can get their info via:
23 error     npm owner ls node-js-sample
23 error There is likely additional logging output above.
24 verbose exit [ 1, true ]
